0.000000000000000000e+00, -2.500000000000000000e+01, -3.308793752444325609e+00
5.000000000000000278e-02, -2.494999999999999929e+01, -4.534059657839967450e+00
1.000000000000000056e-01, -2.489999999999999858e+01, -5.743078077592151942e+00
1.499999999999999944e-01, -2.485000000000000142e+01, -6.932878631001076819e+00
2.000000000000000111e-01, -2.480000000000000071e+01, -8.100551127397110918e+00
2.500000000000000000e-01, -2.475000000000000000e+01, -9.243252680906840268e+00
2.999999999999999889e-01, -2.469999999999999929e+01, -1.035821462700881312e+01
3.499999999999999778e-01, -2.464999999999999858e+01, -1.144274922406281192e+01
4.000000000000000222e-01, -2.460000000000000142e+01, -1.249425612360930415e+01
4.500000000000000111e-01, -2.455000000000000071e+01, -1.351022859388612751e+01
5.000000000000000000e-01, -2.450000000000000000e+01, -1.448825948169554678e+01
5.500000000000000444e-01, -2.444999999999999929e+01, -1.542604689848063337e+01
5.999999999999999778e-01, -2.439999999999999858e+01, -1.632139961722378985e+01
6.500000000000000222e-01, -2.435000000000000142e+01, -1.717224216756980937e+01
6.999999999999999556e-01, -2.430000000000000071e+01, -1.797661961739281011e+01
7.500000000000000000e-01, -2.425000000000000000e+01, -1.873270202986968158e+01
8.000000000000000444e-01, -2.419999999999999929e+01, -1.943878858599370218e+01
8.499999999999999778e-01, -2.414999999999999858e+01, -2.009331136335147860e+01
9.000000000000000222e-01, -2.410000000000000142e+01, -2.069483876289930180e+01
9.499999999999999556e-01, -2.405000000000000071e+01, -2.124207857640422858e+01
1.000000000000000000e+00, -2.400000000000000000e+01, -2.173388068815897256e+01
1.050000000000000044e+00, -2.394999999999999929e+01, -2.216923940553869699e+01
1.100000000000000089e+00, -2.389999999999999858e+01, -2.254729541393387393e+01
1.149999999999999911e+00, -2.385000000000000142e+01, -2.286733735256980538e+01
1.199999999999999956e+00, -2.380000000000000071e+01, -2.312880300870394734e+01
1.250000000000000000e+00, -2.375000000000000000e+01, -2.333128012867505419e+01
1.300000000000000044e+00, -2.369999999999999929e+01, -2.347450684526260645e+01
1.350000000000000089e+00, -2.364999999999999858e+01, -2.355837172179533567e+01
1.399999999999999911e+00, -2.360000000000000142e+01, -2.358291341442441436e+01
1.449999999999999956e+00, -2.355000000000000071e+01, -2.354831995494588526e+01
1.500000000000000000e+00, -2.350000000000000000e+01, -2.345492765751581388e+01
1.550000000000000044e+00, -2.344999999999999929e+01, -2.330321965354886871e+01
1.600000000000000089e+00, -2.339999999999999858e+01, -2.309382406002318078e+01
1.649999999999999911e+00, -2.335000000000000142e+01, -2.282751178732970487e+01
1.699999999999999956e+00, -2.330000000000000071e+01, -2.250519399370044127e+01
1.750000000000000000e+00, -2.325000000000000000e+01, -2.212791919412471842e+01
1.800000000000000044e+00, -2.319999999999999929e+01, -2.169687003251330282e+01
1.850000000000000089e+00, -2.314999999999999858e+01, -2.121335972669586667e+01
1.899999999999999911e+00, -2.310000000000000142e+01, -2.067882819663465099e+01
1.949999999999999956e+00, -2.305000000000000071e+01, -2.009483788700479678e+01
2.000000000000000000e+00, -2.300000000000000000e+01, -1.946306929602892311e+01
2.049999999999999822e+00, -2.294999999999999929e+01, -1.878531622315514582e+01
2.100000000000000089e+00, -2.289999999999999858e+01, -1.806348074883703703e+01
2.149999999999999911e+00, -2.285000000000000142e+01, -1.729956796030462485e+01
2.200000000000000178e+00, -2.280000000000000071e+01, -1.649568043780878668e+01
2.250000000000000000e+00, -2.275000000000000000e+01, -1.565401251637625357e+01
2.299999999999999822e+00, -2.269999999999999929e+01, -1.477684433862380509e+01
2.350000000000000089e+00, -2.264999999999999858e+01, -1.386653571465324042e+01
2.399999999999999911e+00, -2.260000000000000142e+01, -1.292551980547614399e+01
2.450000000000000178e+00, -2.255000000000000071e+01, -1.195629664680161852e+01
2.500000000000000000e+00, -2.250000000000000000e+01, -1.096142653036146442e+01
2.549999999999999822e+00, -2.244999999999999929e+01, -9.943523260239199857e+00
2.600000000000000089e+00, -2.239999999999999858e+01, -8.905247301920097058e+00
2.649999999999999911e+00, -2.235000000000000142e+01, -7.849298841980068886e+00
2.700000000000000178e+00, -2.230000000000000071e+01, -6.778410776486349931e+00
2.750000000000000000e+00, -2.225000000000000000e+01, -5.695341646292660265e+00
2.799999999999999822e+00, -2.219999999999999929e+01, -4.602868537470044430e+00
2.850000000000000089e+00, -2.214999999999999858e+01, -3.503779965131245788e+00
2.899999999999999911e+00, -2.210000000000000142e+01, -2.400868758872162889e+00
2.950000000000000178e+00, -2.205000000000000071e+01, -1.296924967974416809e+00
3.000000000000000000e+00, -2.200000000000000000e+01, -1.947288043888852904e-01
3.049999999999999822e+00, -2.194999999999999929e+01, 9.029563586541752285e-01
3.100000000000000089e+00, -2.189999999999999858e+01, 1.993390914776668410e+00
3.149999999999999911e+00, -2.185000000000000142e+01, 3.073865861956705636e+00
3.200000000000000178e+00, -2.180000000000000071e+01, 4.141709532340542843e+00
3.250000000000000000e+00, -2.175000000000000000e+01, 5.194294197643424482e+00
3.299999999999999822e+00, -2.169999999999999929e+01, 6.229042533811707472e+00
3.350000000000000089e+00, -2.164999999999999858e+01, 7.243433929044995168e+00
3.399999999999999911e+00, -2.160000000000000142e+01, 8.235010619746708116e+00
3.450000000000000178e+00, -2.155000000000000071e+01, 9.201383639477308307e+00
3.500000000000000000e+00, -2.150000000000000000e+01, 1.014023856652521793e+01
3.549999999999999822e+00, -2.144999999999999929e+01, 1.104934105628974450e+01
3.600000000000000089e+00, -2.139999999999999858e+01, 1.192654214527795276e+01
3.649999999999999911e+00, -2.135000000000000142e+01, 1.276978331416021106e+01
3.700000000000000178e+00, -2.130000000000000071e+01, 1.357710129800008936e+01
3.750000000000000000e+00, -2.125000000000000000e+01, 1.434663263247202103e+01
3.799999999999999822e+00, -2.119999999999999929e+01, 1.507661792560682912e+01
3.850000000000000089e+00, -2.114999999999999858e+01, 1.576540584535170986e+01
3.899999999999999911e+00, -2.110000000000000142e+01, 1.641145681400305989e+01
3.950000000000000178e+00, -2.105000000000000071e+01, 1.701334640136043319e+01
4.000000000000000000e+00, -2.100000000000000000e+01, 1.756976840925717553e+01
4.049999999999999822e+00, -2.094999999999999929e+01, 1.807953764094815696e+01
4.099999999999999645e+00, -2.089999999999999858e+01, 1.854159234967013603e+01
4.150000000000000355e+00, -2.085000000000000142e+01, 1.895499636153926204e+01
4.200000000000000178e+00, -2.080000000000000071e+01, 1.931894086880659955e+01
4.250000000000000000e+00, -2.075000000000000000e+01, 1.963274589035556872e+01
4.299999999999999822e+00, -2.069999999999999929e+01, 1.989586139719381208e+01
4.349999999999999645e+00, -2.064999999999999858e+01, 2.010786810156088578e+01
4.400000000000000355e+00, -2.060000000000000142e+01, 2.026847790914349190e+01
4.450000000000000178e+00, -2.055000000000000071e+01, 2.037753403475710456e+01
4.500000000000000000e+00, -2.050000000000000000e+01, 2.043501078271538418e+01
4.549999999999999822e+00, -2.044999999999999929e+01, 2.044101299396508153e+01
4.599999999999999645e+00, -2.039999999999999858e+01, 2.039577516291045001e+01
4.650000000000000355e+00, -2.035000000000000142e+01, 2.029966022768728706e+01
4.700000000000000178e+00, -2.030000000000000071e+01, 2.015315803846891640e+01
4.750000000000000000e+00, -2.025000000000000000e+01, 1.995688350919367338e+01
4.799999999999999822e+00, -2.019999999999999929e+01, 1.971157445889290472e+01
4.849999999999999645e+00, -2.014999999999999858e+01, 1.941808914956909859e+01
4.900000000000000355e+00, -2.010000000000000142e+01, 1.907740352832268371e+01
4.950000000000000178e+00, -2.005000000000000071e+01, 1.869060818215201536e+01
5.000000000000000000e+00, -2.000000000000000000e+01, 1.825890501455255333e+01
5.049999999999999822e+00, -1.994999999999999929e+01, 1.778360365371498730e+01
5.099999999999999645e+00, -1.989999999999999858e+01, 1.726611760276918162e+01
5.150000000000000355e+00, -1.985000000000000142e+01, 1.670796014313679123e+01
5.200000000000000178e+00, -1.980000000000000071e+01, 1.611074000264068573e+01
5.250000000000000000e+00, -1.975000000000000000e+01, 1.547615680057251808e+01
5.299999999999999822e+00, -1.969999999999999929e+01, 1.480599628243732013e+01
5.349999999999999645e+00, -1.964999999999999858e+01, 1.410212535757877994e+01
5.400000000000000355e+00, -1.960000000000000142e+01, 1.336648695333545689e+01
5.450000000000000178e+00, -1.955000000000000071e+01, 1.260109469978823249e+01
5.500000000000000000e+00, -1.950000000000000000e+01, 1.180802745953221766e+01
5.549999999999999822e+00, -1.944999999999999929e+01, 1.098942371723764566e+01
5.599999999999999645e+00, -1.939999999999999858e+01, 1.014747584405930958e+01
5.650000000000000355e+00, -1.935000000000000142e+01, 9.284424252206402883e+00
5.700000000000000178e+00, -1.930000000000000071e+01, 8.402551455196839214e+00
5.750000000000000000e+00, -1.925000000000000000e+01, 7.504176049492787826e+00
5.799999999999999822e+00, -1.919999999999999929e+01, 6.591646633341991190e+00
5.849999999999999645e+00, -1.914999999999999858e+01, 5.667335678740048621e+00
5.900000000000000355e+00, -1.910000000000000142e+01, 4.733633372474533196e+00
5.950000000000000178e+00, -1.905000000000000071e+01, 3.792941442217226289e+00
6.000000000000000000e+00, -1.900000000000000000e+01, 2.847666983596094603e+00
6.049999999999999822e+00, -1.894999999999999929e+01, 1.900216304099373588e+00
6.099999999999999645e+00, -1.889999999999999858e+01, 9.529887995487320573e-01
6.150000000000000355e+00, -1.885000000000000142e+01, 8.370878719280706176e-03
6.200000000000000178e+00, -1.880000000000000071e+01, -9.312700485133075246e-01
6.250000000000000000e+00, -1.875000000000000000e+01, -1.863591504353403261e+00
6.299999999999999822e+00, -1.869999999999999929e+01, -2.786281782725517520e+00
6.349999999999999645e+00, -1.864999999999999858e+01, -3.697065680815151190e+00
6.400000000000000355e+00, -1.860000000000000142e+01, -4.593710108301149120e+00
6.450000000000000178e+00, -1.855000000000000071e+01, -5.474029560453639753e+00
6.500000000000000000e+00, -1.850000000000000000e+01, -6.335891441687831360e+00
6.549999999999999822e+00, -1.844999999999999929e+01, -7.177221226616414818e+00
6.599999999999999645e+00, -1.839999999999999858e+01, -7.996007446122898266e+00
6.650000000000000355e+00, -1.835000000000000142e+01, -8.790306486491438420e+00
6.700000000000000178e+00, -1.830000000000000071e+01, -9.558247190169186780e+00
6.750000000000000000e+00, -1.825000000000000000e+01, -1.029803524730385789e+01
6.799999999999999822e+00, -1.819999999999999929e+01, -1.100795736779437028e+01
6.849999999999999645e+00, -1.814999999999999858e+01, -1.168638522420758896e+01
6.900000000000000355e+00, -1.810000000000000142e+01, -1.233177915655455159e+01
6.950000000000000178e+00, -1.805000000000000071e+01, -1.294269163057923677e+01
7.000000000000000000e+00, -1.800000000000000000e+01, -1.351777044189016941e+01
7.049999999999999822e+00, -1.794999999999999929e+01, -1.405576165896177088e+01
7.099999999999999645e+00, -1.789999999999999858e+01, -1.455551229874064134e+01
7.150000000000000355e+00, -1.785000000000000142e+01, -1.501597272931551430e+01
7.200000000000000178e+00, -1.780000000000000071e+01, -1.543619879484334767e+01
7.250000000000000000e+00, -1.775000000000000000e+01, -1.581535365866614740e+01
7.299999999999999822e+00, -1.769999999999999929e+01, -1.615270936130396606e+01
7.349999999999999645e+00, -1.764999999999999858e+01, -1.644764809076334089e+01
7.400000000000000355e+00, -1.760000000000000142e+01, -1.669966316335898426e+01
7.450000000000000178e+00, -1.755000000000000071e+01, -1.690835971400537119e+01
7.500000000000000000e+00, -1.750000000000000000e+01, -1.707345509569275777e+01
7.549999999999999822e+00, -1.744999999999999929e+01, -1.719477898861782705e+01
7.599999999999999645e+00, -1.739999999999999858e+01, -1.727227322018901745e+01
7.650000000000000355e+00, -1.735000000000000142e+01, -1.730599129787043111e+01
7.700000000000000178e+00, -1.730000000000000071e+01, -1.729609765756309159e+01
7.750000000000000000e+00, -1.725000000000000000e+01, -1.724286663094649796e+01
7.799999999999999822e+00, -1.719999999999999929e+01, -1.714668113591545051e+01
7.849999999999999645e+00, -1.714999999999999858e+01, -1.700803109494476928e+01
7.900000000000000355e+00, -1.710000000000000142e+01, -1.682751158689610449e+01
7.950000000000000178e+00, -1.705000000000000071e+01, -1.660582073844516060e+01
8.000000000000000000e+00, -1.700000000000000000e+01, -1.634375736195246631e+01
8.050000000000000711e+00, -1.694999999999999929e+01, -1.604221834722414286e+01
8.099999999999999645e+00, -1.689999999999999858e+01, -1.570219581521082475e+01
8.150000000000000355e+00, -1.685000000000000142e+01, -1.532477404227006090e+01
8.199999999999999289e+00, -1.680000000000000071e+01, -1.491112616416927672e+01
8.250000000000000000e+00, -1.675000000000000000e+01, -1.446251066953241882e+01
8.300000000000000711e+00, -1.669999999999999929e+01, -1.398026769292977001e+01
8.349999999999999645e+00, -1.664999999999999858e+01, -1.346581511827978339e+01
8.400000000000000355e+00, -1.660000000000000142e+01, -1.292064450366935624e+01
8.449999999999999289e+00, -1.655000000000000071e+01, -1.234631683910594191e+01
8.500000000000000000e+00, -1.650000000000000000e+01, -1.174445814909053176e+01
8.550000000000000711e+00, -1.644999999999999929e+01, -1.111675495224117505e+01
8.599999999999999645e+00, -1.639999999999999858e+01, -1.046494959050633611e+01
8.650000000000000355e+00, -1.635000000000000142e+01, -9.790835440780625731e+00
8.699999999999999289e+00, -1.630000000000000071e+01, -9.096252021974502000e+00
8.750000000000000000e+00, -1.625000000000000000e+01, -8.383080010794275339e+00
8.800000000000000711e+00, -1.619999999999999929e+01, -7.653236179655151794e+00
8.849999999999999645e+00, -1.614999999999999858e+01, -6.908668270283874868e+00
8.900000000000000355e+00, -1.610000000000000142e+01, -6.151349816662547099e+00
8.949999999999999289e+00, -1.605000000000000071e+01, -5.383274931024909726e+00
9.000000000000000000e+00, -1.600000000000000000e+01, -4.606453066641044813e+00
9.050000000000000711e+00, -1.594999999999999929e+01, -3.822903771112033944e+00
9.099999999999999645e+00, -1.590000000000000036e+01, -3.034651443849611052e+00
9.150000000000000355e+00, -1.584999999999999964e+01, -2.243720111330554712e+00
9.199999999999999289e+00, -1.580000000000000071e+01, -1.452128233597370199e+00
9.250000000000000000e+00, -1.575000000000000000e+01, -6.618835553217424783e-01
9.300000000000000711e+00, -1.569999999999999929e+01, 1.250219854392162766e-01
9.349999999999999645e+00, -1.565000000000000036e+01, 9.066172778868787363e-01
9.400000000000000355e+00, -1.559999999999999964e+01, 1.680956975871327197e+00
9.449999999999999289e+00, -1.555000000000000071e+01, 2.446126339660121829e+00
9.500000000000000000e+00, -1.550000000000000000e+01, 3.200245970035847431e+00
9.550000000000000711e+00, -1.544999999999999929e+01, 3.941476423018194009e+00
9.599999999999999645e+00, -1.540000000000000036e+01, 4.668022693883814966e+00
9.650000000000000355e+00, -1.534999999999999964e+01, 5.378138559559966225e+00
9.699999999999999289e+00, -1.530000000000000071e+01, 6.070130768898365226e+00
9.750000000000000000e+00, -1.525000000000000000e+01, 6.742363070792226409e+00
9.800000000000000711e+00, -1.519999999999999929e+01, 7.393260070577755805e+00
9.849999999999999645e+00, -1.515000000000000036e+01, 8.021310905665034241e+00
9.900000000000000355e+00, -1.509999999999999964e+01, 8.625072731865827791e+00
9.949999999999999289e+00, -1.505000000000000071e+01, 9.203174012429059303e+00
1.000000000000000000e+01, -1.500000000000000000e+01, 9.754317602356753270e+00
1.005000000000000071e+01, -1.494999999999999929e+01, 1.027728362114999605e+01
1.009999999999999964e+01, -1.490000000000000036e+01, 1.077093210772844500e+01
1.015000000000000036e+01, -1.484999999999999964e+01, 1.123420545187244457e+01
1.019999999999999929e+01, -1.480000000000000071e+01, 1.166613059715468204e+01
1.025000000000000000e+01, -1.475000000000000000e+01, 1.206582101095673920e+01
1.030000000000000071e+01, -1.469999999999999929e+01, 1.243247841780113205e+01
1.034999999999999964e+01, -1.465000000000000036e+01, 1.276539429287285543e+01
1.040000000000000036e+01, -1.459999999999999964e+01, 1.306395111325136149e+01
1.044999999999999929e+01, -1.455000000000000071e+01, 1.332762336502447731e+01
1.050000000000000000e+01, -1.450000000000000000e+01, 1.355597830510790303e+01
1.055000000000000071e+01, -1.444999999999999929e+01, 1.374867647724477671e+01
1.059999999999999964e+01, -1.440000000000000036e+01, 1.390547198230959758e+01
1.065000000000000036e+01, -1.434999999999999964e+01, 1.402621250368589401e+01
1.069999999999999929e+01, -1.430000000000000071e+01, 1.411083908912697105e+01
1.075000000000000000e+01, -1.425000000000000000e+01, 1.415938569114186762e+01
1.080000000000000071e+01, -1.419999999999999929e+01, 1.417197846857233579e+01
1.084999999999999964e+01, -1.415000000000000036e+01, 1.414883485264020280e+01
1.090000000000000036e+01, -1.409999999999999964e+01, 1.409026238134563869e+01
1.094999999999999929e+01, -1.405000000000000071e+01, 1.399665730668483654e+01
1.100000000000000000e+01, -1.400000000000000000e+01, 1.386850297972818424e+01
1.105000000000000071e+01, -1.394999999999999929e+01, 1.370636801915638259e+01
1.109999999999999964e+01, -1.390000000000000036e+01, 1.351090426939016531e+01
1.115000000000000036e+01, -1.384999999999999964e+01, 1.328284455496848082e+01
1.119999999999999929e+01, -1.380000000000000071e+01, 1.302300023832864717e+01
1.125000000000000000e+01, -1.375000000000000000e+01, 1.273225858861862392e+01
1.130000000000000071e+01, -1.369999999999999929e+01, 1.241157996962592591e+01
1.134999999999999964e+01, -1.365000000000000036e+01, 1.206199485533726978e+01
1.140000000000000036e+01, -1.359999999999999964e+01, 1.168460068204834457e+01
1.144999999999999929e+01, -1.355000000000000071e+01, 1.128055854632223998e+01
1.150000000000000000e+01, -1.350000000000000000e+01, 1.085108975844688217e+01
1.155000000000000071e+01, -1.344999999999999929e+01, 1.039747226136712932e+01
1.159999999999999964e+01, -1.340000000000000036e+01, 9.921036925362811232e+00
1.165000000000000036e+01, -1.334999999999999964e+01, 9.423163729011770684e+00
1.169999999999999929e+01, -1.330000000000000071e+01, 8.905277837214811143e+00
1.175000000000000000e+01, -1.325000000000000000e+01, 8.368845587266662278e+00
1.180000000000000071e+01, -1.319999999999999929e+01, 7.815370394135343624e+00
1.184999999999999964e+01, -1.315000000000000036e+01, 7.246388586258071030e+00
1.190000000000000036e+01, -1.309999999999999964e+01, 6.663465183278095338e+00
1.194999999999999929e+01, -1.305000000000000071e+01, 6.068189627231586947e+00
1.200000000000000000e+01, -1.300000000000000000e+01, 5.462171478746332021e+00
1.205000000000000071e+01, -1.294999999999999929e+01, 4.847036089837549078e+00
1.209999999999999964e+01, -1.290000000000000036e+01, 4.224420264876240338e+00
1.215000000000000036e+01, -1.284999999999999964e+01, 3.595967921266692180e+00
1.219999999999999929e+01, -1.280000000000000071e+01, 2.963325761299698602e+00
1.225000000000000000e+01, -1.275000000000000000e+01, 2.328138966546958510e+00
1.230000000000000071e+01, -1.269999999999999929e+01, 1.692046926033266008e+00
1.234999999999999964e+01, -1.265000000000000036e+01, 1.056679009262518454e+00
1.240000000000000036e+01, -1.259999999999999964e+01, 4.236503949863222873e-01
1.244999999999999929e+01, -1.255000000000000071e+01, -2.054420336120841573e-01
1.250000000000000000e+01, -1.250000000000000000e+01, -8.290237168900085329e-01
1.255000000000000071e+01, -1.244999999999999929e+01, -1.445546359713607565e+00
1.259999999999999964e+01, -1.240000000000000036e+01, -2.053491775559036725e+00
1.265000000000000036e+01, -1.234999999999999964e+01, -2.651375624202529480e+00
1.269999999999999929e+01, -1.230000000000000071e+01, -3.237751033799352474e+00
1.275000000000000000e+01, -1.225000000000000000e+01, -3.811212098518809377e+00
1.280000000000000071e+01, -1.219999999999999929e+01, -4.370397243289310119e+00
1.284999999999999964e+01, -1.215000000000000036e+01, -4.913992447617052228e+00
1.290000000000000036e+01, -1.209999999999999964e+01, -5.440734320868677365e+00
1.294999999999999929e+01, -1.205000000000000071e+01, -5.949413021853699135e+00
1.300000000000000000e+01, -1.200000000000000000e+01, -6.438875016005219720e+00
1.305000000000000071e+01, -1.194999999999999929e+01, -6.908025663933687888e+00
1.309999999999999964e+01, -1.190000000000000036e+01, -7.355831635620695863e+00
1.315000000000000036e+01, -1.184999999999999964e+01, -7.781323145022779997e+00
1.319999999999999929e+01, -1.180000000000000071e+01, -8.183596000370044976e+00
1.325000000000000000e+01, -1.175000000000000000e+01, -8.561813465969247972e+00
1.330000000000000071e+01, -1.169999999999999929e+01, -8.915207931852689782e+00
1.334999999999999964e+01, -1.165000000000000036e+01, -9.243082388154157059e+00
1.340000000000000036e+01, -1.159999999999999964e+01, -9.544811701637023305e+00
1.344999999999999929e+01, -1.155000000000000071e+01, -9.819843692347530961e+00
1.350000000000000000e+01, -1.150000000000000000e+01, -1.006770000891692796e+01
1.355000000000000071e+01, -1.144999999999999929e+01, -1.028797680158613659e+01
1.359999999999999964e+01, -1.140000000000000036e+01, -1.048034519257730324e+01
1.365000000000000036e+01, -1.134999999999999964e+01, -1.064455154398373260e+01
1.369999999999999929e+01, -1.130000000000000071e+01, -1.078041752389360575e+01
1.375000000000000000e+01, -1.125000000000000000e+01, -1.088783997200169118e+01
1.380000000000000071e+01, -1.119999999999999929e+01, -1.096679056649475470e+01
1.384999999999999964e+01, -1.115000000000000036e+01, -1.101731529452053948e+01
1.390000000000000036e+01, -1.109999999999999964e+01, -1.103953372906427965e+01
1.394999999999999929e+01, -1.105000000000000071e+01, -1.103363811556030250e+01
1.400000000000000000e+01, -1.100000000000000000e+01, -1.099989227205773901e+01
1.405000000000000071e+01, -1.094999999999999929e+01, -1.093863030723729324e+01
1.409999999999999964e+01, -1.090000000000000036e+01, -1.085025516103951482e+01
1.415000000000000036e+01, -1.084999999999999964e+01, -1.073523697311253322e+01
1.419999999999999929e+01, -1.080000000000000071e+01, -1.059411128471811026e+01
1.425000000000000000e+01, -1.075000000000000000e+01, -1.042747708014729469e+01
1.430000000000000071e+01, -1.069999999999999929e+01, -1.023599467409101038e+01
1.434999999999999964e+01, -1.065000000000000036e+01, -1.002038345178426937e+01
1.440000000000000036e+01, -1.059999999999999964e+01, -9.781419469095748553e+00
1.444999999999999929e+01, -1.055000000000000071e+01, -9.519932920065590665e+00
1.450000000000000000e+01, -1.050000000000000000e+01, -9.236805479702535848e+00
1.455000000000000071e+01, -1.044999999999999929e+01, -8.932967530137403855e+00
1.459999999999999964e+01, -1.040000000000000036e+01, -8.609395278490797665e+00
1.465000000000000036e+01, -1.034999999999999964e+01, -8.267107775050353879e+00
1.469999999999999929e+01, -1.030000000000000071e+01, -7.907163840564900070e+00
1.475000000000000000e+01, -1.025000000000000000e+01, -7.530658911649153353e+00
1.480000000000000071e+01, -1.019999999999999929e+01, -7.138721813454131926e+00
1.484999999999999964e+01, -1.015000000000000036e+01, -6.732511468892630191e+00
1.490000000000000036e+01, -1.009999999999999964e+01, -6.313213553818108892e+00
1.494999999999999929e+01, -1.005000000000000071e+01, -5.882037107637517082e+00
1.500000000000000000e+01, -1.000000000000000000e+01, -5.440211108893699077e+00
1.505000000000000071e+01, -9.949999999999999289e+00, -4.988981025383014689e+00
1.509999999999999964e+01, -9.900000000000000355e+00, -4.529605348375681295e+00
1.515000000000000036e+01, -9.849999999999999645e+00, -4.063352120483362029e+00
1.519999999999999929e+01, -9.800000000000000711e+00, -3.591495466668898295e+00
1.525000000000000000e+01, -9.750000000000000000e+00, -3.115312137817167759e+00
1.530000000000000071e+01, -9.699999999999999289e+00, -2.636078076186140873e+00
1.534999999999999964e+01, -9.650000000000000355e+00, -2.155065011930514807e+00
1.540000000000000036e+01, -9.599999999999999645e+00, -1.673537099740604495e+00
1.544999999999999929e+01, -9.550000000000000711e+00, -1.192747604464984734e+00
1.550000000000000000e+01, -9.500000000000000000e+00, -7.139356443871884839e-01
1.555000000000000071e+01, -9.449999999999999289e+00, -2.383230006075748864e-01
1.559999999999999964e+01, -9.400000000000000355e+00, 2.328889992615630067e-01
1.565000000000000036e+01, -9.349999999999999645e+00, 6.985225151421501355e-01
1.569999999999999929e+01, -9.300000000000000711e+00, 1.157426138615673894e+00
1.575000000000000000e+01, -9.250000000000000000e+00, 1.608477739769010428e+00
1.580000000000000071e+01, -9.199999999999999289e+00, 2.050587209722277926e+00
1.584999999999999964e+01, -9.150000000000000355e+00, 2.482699092139739605e+00
1.590000000000000036e+01, -9.099999999999999645e+00, 2.903795097379104462e+00
1.594999999999999929e+01, -9.050000000000000711e+00, 3.312896493304819945e+00
1.600000000000000000e+01, -9.000000000000000000e+00, 3.709066367175809287e+00
1.605000000000000071e+01, -8.949999999999999289e+00, 4.091411753414644359e+00
1.610000000000000142e+01, -8.899999999999998579e+00, 4.459085622475186028e+00
1.614999999999999858e+01, -8.850000000000001421e+00, 4.811288726444869823e+00
1.619999999999999929e+01, -8.800000000000000711e+00, 5.147271297447503002e+00
1.625000000000000000e+01, -8.750000000000000000e+00, 5.466334595349183978e+00
1.630000000000000071e+01, -8.699999999999999289e+00, 5.767832301714994614e+00
1.635000000000000142e+01, -8.649999999999998579e+00, 6.051171757413088770e+00
1.639999999999999858e+01, -8.600000000000001421e+00, 6.315815041717366185e+00
1.644999999999999929e+01, -8.550000000000000711e+00, 6.561279891217017379e+00
1.650000000000000000e+01, -8.500000000000000000e+00, 6.787140457299667418e+00
1.655000000000000071e+01, -8.449999999999999289e+00, 6.993027901434764715e+00
1.660000000000000142e+01, -8.399999999999998579e+00, 7.178630827941562487e+00
1.664999999999999858e+01, -8.350000000000001421e+00, 7.343695554382716040e+00
1.669999999999999929e+01, -8.300000000000000711e+00, 7.488026220177236070e+00
1.675000000000000000e+01, -8.250000000000000000e+00, 7.611484734474556646e+00
1.680000000000000071e+01, -8.199999999999999289e+00, 7.713990564774139358e+00
1.685000000000000142e+01, -8.149999999999998579e+00, 7.795520368209801987e+00
1.689999999999999858e+01, -8.100000000000001421e+00, 7.856107467845196979e+00
1.694999999999999929e+01, -8.050000000000000711e+00, 7.895841176744216483e+00
1.700000000000000000e+01, -8.000000000000000000e+00, 7.914865972987054299e+00
1.705000000000000071e+01, -7.949999999999999289e+00, 7.913380529198078328e+00
1.710000000000000142e+01, -7.899999999999998579e+00, 7.891636600534198465e+00
1.714999999999999858e+01, -7.850000000000001421e+00, 7.849937775451463651e+00
1.719999999999999929e+01, -7.800000000000000711e+00, 7.788638093921919747e+00
1.725000000000000000e+01, -7.750000000000000000e+00, 7.708140538111615037e+00
1.730000000000000071e+01, -7.699999999999999289e+00, 7.608895400852901503e+00
1.735000000000000142e+01, -7.649999999999998579e+00, 7.491398537549425640e+00
1.739999999999999858e+01, -7.600000000000001421e+00, 7.356189507439300890e+00
1.744999999999999929e+01, -7.550000000000000711e+00, 7.203849610410339999e+00
1.750000000000000000e+01, -7.500000000000000000e+00, 7.034999825810541729e+00
1.755000000000000071e+01, -7.449999999999999289e+00, 6.850298659925828204e+00
1.760000000000000142e+01, -7.399999999999998579e+00, 6.650439909006031769e+00
1.764999999999999858e+01, -7.350000000000001421e+00, 6.436150344907691334e+00
1.769999999999999929e+01, -7.300000000000000711e+00, 6.208187330588524233e+00
1.775000000000000000e+01, -7.250000000000000000e+00, 5.967336372833414337e+00
1.780000000000000071e+01, -7.199999999999999289e+00, 5.714408619713897686e+00
1.785000000000000142e+01, -7.149999999999998579e+00, 5.450238310384080798e+00
1.789999999999999858e+01, -7.100000000000001421e+00, 5.175680184893727720e+00
1.794999999999999929e+01, -7.050000000000000711e+00, 4.891606861754839386e+00
1.800000000000000000e+01, -7.000000000000000000e+00, 4.598906191031523427e+00
1.805000000000000071e+01, -6.949999999999999289e+00, 4.298478590733011195e+00
1.810000000000000142e+01, -6.899999999999998579e+00, 3.991234374278570751e+00
1.814999999999999858e+01, -6.850000000000001421e+00, 3.678091076768886580e+00
1.819999999999999929e+01, -6.800000000000000711e+00, 3.359970787742541098e+00
1.825000000000000000e+01, -6.750000000000000000e+00, 3.037797498019168874e+00
1.830000000000000071e+01, -6.699999999999999289e+00, 2.712494468131203096e+00
1.835000000000000142e+01, -6.649999999999998579e+00, 2.384981625727111254e+00
1.839999999999999858e+01, -6.600000000000001421e+00, 2.056172999188305095e+00
1.844999999999999929e+01, -6.550000000000000711e+00, 1.726974194541704088e+00
1.850000000000000000e+01, -6.500000000000000000e+00, 1.398279922570800915e+00
1.855000000000000071e+01, -6.449999999999999289e+00, 1.070971582828968316e+00
1.860000000000000142e+01, -6.399999999999998579e+00, 7.459149110431478880e-01
1.864999999999999858e+01, -6.350000000000001421e+00, 4.239576961618885531e-01
1.869999999999999929e+01, -6.300000000000000711e+00, 1.059275730514088049e-01
1.875000000000000000e+01, -6.250000000000000000e+00, -2.073701034222301121e-01
1.880000000000000071e+01, -6.199999999999999289e+00, -5.151542974684830689e-01
1.885000000000000142e+01, -6.149999999999998579e+00, -8.166702394429885548e-01
1.889999999999999858e+01, -6.100000000000001421e+00, -1.111191276059774635e+00
1.894999999999999929e+01, -6.050000000000000711e+00, -1.398020619211318039e+00
1.900000000000000000e+01, -6.000000000000000000e+00, -1.676492989193555161e+00
1.905000000000000071e+01, -5.949999999999999289e+00, -1.945976148474961587e+00
1.910000000000000142e+01, -5.899999999999998579e+00, -2.205872322498401594e+00
1.914999999999999858e+01, -5.850000000000001421e+00, -2.455619504363170336e+00
1.919999999999999929e+01, -5.800000000000000711e+00, -2.694692640599788636e+00
1.925000000000000000e+01, -5.750000000000000000e+00, -2.922604695620734994e+00
1.930000000000000071e+01, -5.699999999999999289e+00, -3.138907592806538194e+00
1.935000000000000142e+01, -5.649999999999998579e+00, -3.343193030565210222e+00
1.939999999999999858e+01, -5.600000000000001421e+00, -3.535093172084994073e+00
1.944999999999999929e+01, -5.550000000000000711e+00, -3.714281207883250779e+00
1.950000000000000000e+01, -5.500000000000000000e+00, -3.880471790637155749e+00
1.955000000000000071e+01, -5.449999999999999289e+00, -4.033421342164476897e+00
1.960000000000000142e+01, -5.399999999999998579e+00, -4.172928232802335380e+00
1.964999999999999858e+01, -5.350000000000001421e+00, -4.298832833809028919e+00
1.969999999999999929e+01, -5.300000000000000711e+00, -4.411017443786675152e+00
1.975000000000000000e+01, -5.250000000000000000e+00, -4.509406090489608943e+00
1.980000000000000071e+01, -5.199999999999999289e+00, -4.593964209744798133e+00
1.985000000000000142e+01, -5.149999999999998579e+00, -4.664698203563830248e+00
1.989999999999999858e+01, -5.100000000000001421e+00, -4.721654879871433508e+00
1.994999999999999929e+01, -5.050000000000000711e+00, -4.764920776611327291e+00
2.000000000000000000e+01, -5.000000000000000000e+00, -4.794621373315692381e+00
2.005000000000000071e+01, -4.949999999999999289e+00, -4.810920193539013567e+00
2.010000000000000142e+01, -4.899999999999998579e+00, -4.814017801859229451e+00
2.014999999999999858e+01, -4.850000000000001421e+00, -4.804150699438559435e+00
2.019999999999999929e+01, -4.800000000000000711e+00, -4.781590122412035626e+00
2.025000000000000000e+01, -4.750000000000000000e+00, -4.746640747633045443e+00
2.030000000000000071e+01, -4.699999999999999289e+00, -4.699639310551273041e+00
2.035000000000000142e+01, -4.649999999999998579e+00, -4.640953140228787355e+00
2.039999999999999858e+01, -4.600000000000001421e+00, -4.570978616713938791e+00
2.044999999999999929e+01, -4.550000000000000711e+00, -4.490139556189727266e+00
2.050000000000000000e+01, -4.500000000000000000e+00, -4.398885529492936541e+00
2.055000000000000071e+01, -4.449999999999999289e+00, -4.297690119761841565e+00
2.060000000000000142e+01, -4.399999999999998579e+00, -4.187049125113866843e+00
2.064999999999999858e+01, -4.350000000000001421e+00, -4.067478712379257288e+00
2.069999999999999929e+01, -4.300000000000000711e+00, -3.939513528022658306e+00
2.075000000000000000e+01, -4.250000000000000000e+00, -3.803704772471479867e+00
2.080000000000000071e+01, -4.199999999999999289e+00, -3.660618244137067823e+00
2.085000000000000142e+01, -4.149999999999998579e+00, -3.510832359463097685e+00
2.089999999999999858e+01, -4.100000000000001421e+00, -3.354936155364087735e+00
2.094999999999999929e+01, -4.050000000000000711e+00, -3.193527280426092574e+00
2.100000000000000000e+01, -4.000000000000000000e+00, -3.027209981231712810e+00
2.105000000000000071e+01, -3.949999999999999289e+00, -2.856593090141719582e+00
2.110000000000000142e+01, -3.899999999999998579e+00, -2.682288020817492846e+00
2.114999999999999858e+01, -3.850000000000001421e+00, -2.504906777700899312e+00
2.119999999999999929e+01, -3.800000000000000711e+00, -2.325059985582335287e+00
2.125000000000000000e+01, -3.750000000000000000e+00, -2.143354945283789448e+00
2.130000000000000071e+01, -3.699999999999999289e+00, -1.960393721361422426e+00
2.135000000000000142e+01, -3.649999999999998579e+00, -1.776771267593298065e+00
2.139999999999999858e+01, -3.600000000000001421e+00, -1.593073595861473901e+00
2.144999999999999929e+01, -3.550000000000000711e+00, -1.409875993865160604e+00
2.150000000000000000e+01, -3.500000000000000000e+00, -1.227741296913669400e+00
2.155000000000000071e+01, -3.449999999999999289e+00, -1.047218218844078175e+00
2.160000000000000142e+01, -3.399999999999998579e+00, -8.688397468912214539e-01
2.164999999999999858e+01, -3.350000000000001421e+00, -6.931216051058939343e-01
2.169999999999999929e+01, -3.300000000000000711e+00, -5.205607906727220957e-01
2.175000000000000000e+01, -3.250000000000000000e+00, -3.516341872228522236e-01
2.180000000000000071e+01, -3.199999999999999289e+00, -1.867972589682533879e-01
2.185000000000000142e+01, -3.149999999999998579e+00, -2.648282920651393382e-02
2.189999999999999858e+01, -3.100000000000001421e+00, 1.289000535431964467e-01
2.194999999999999929e+01, -3.050000000000000711e+00, 2.789671588089308596e-01
2.200000000000000000e+01, -3.000000000000000000e+00, 4.233600241796016128e-01
2.205000000000000071e+01, -2.949999999999999289e+00, 5.617468097150322137e-01
2.210000000000000142e+01, -2.899999999999998579e+00, 6.938230547205523902e-01
2.214999999999999858e+01, -2.850000000000001421e+00, 8.193123351762482409e-01
2.219999999999999929e+01, -2.800000000000000711e+00, 9.379668204365320117e-01
2.225000000000000000e+01, -2.750000000000000000e+00, 1.049567728143912193e+00
2.230000000000000071e+01, -2.699999999999999289e+00, 1.153925676631342156e+00
2.235000000000000142e+01, -2.649999999999998579e+00, 1.250880934418191481e+00
2.239999999999999858e+01, -2.600000000000001421e+00, 1.340303566735804752e+00
2.244999999999999929e+01, -2.550000000000000711e+00, 1.422093479348111922e+00
2.250000000000000000e+01, -2.500000000000000000e+00, 1.496180360259891096e+00
2.255000000000000071e+01, -2.449999999999999289e+00, 1.562523520229535112e+00
2.260000000000000142e+01, -2.399999999999998579e+00, 1.621111633322763756e+00
2.264999999999999858e+01, -2.350000000000001421e+00, 1.671962379058483217e+00
2.269999999999999929e+01, -2.300000000000000711e+00, 1.715121988006456100e+00
2.275000000000000000e+01, -2.250000000000000000e+00, 1.750664692997822902e+00
2.280000000000000071e+01, -2.199999999999999289e+00, 1.778692088403098781e+00
2.285000000000000142e+01, -2.149999999999998579e+00, 1.799332400216770766e+00
2.289999999999999858e+01, -2.100000000000001421e+00, 1.812739669962634581e+00
2.294999999999999929e+01, -2.050000000000000711e+00, 1.819092855698419609e+00
2.300000000000000000e+01, -2.000000000000000000e+00, 1.818594853651363419e+00
2.305000000000000071e+01, -1.949999999999999289e+00, 1.811471444257545027e+00
2.310000000000000142e+01, -1.899999999999998579e+00, 1.797970166606086995e+00
2.314999999999999858e+01, -1.850000000000001421e+00, 1.778359125504305638e+00
2.319999999999999929e+01, -1.800000000000000711e+00, 1.752925735580751709e+00
2.325000000000000000e+01, -1.750000000000000000e+00, 1.721975407029389560e+00
2.330000000000000071e+01, -1.699999999999999289e+00, 1.685830177769195970e+00
2.335000000000000142e+01, -1.649999999999998579e+00, 1.644827296948965012e+00
2.339999999999999858e+01, -1.600000000000001421e+00, 1.599317764866409641e+00
2.344999999999999929e+01, -1.550000000000000711e+00, 1.549664834493504006e+00
2.350000000000000000e+01, -1.500000000000000000e+00, 1.496242479906081613e+00
2.355000000000000071e+01, -1.449999999999999289e+00, 1.439433837004502337e+00
2.360000000000000142e+01, -1.399999999999998579e+00, 1.379629621983842425e+00
2.364999999999999858e+01, -1.350000000000001421e+00, 1.317226533065991578e+00
2.369999999999999929e+01, -1.300000000000000711e+00, 1.252625641042351745e+00
2.375000000000000000e+01, -1.250000000000000000e+00, 1.186230774194482862e+00
2.380000000000000071e+01, -1.199999999999999289e+00, 1.118446903160670525e+00
2.385000000000000142e+01, -1.149999999999998579e+00, 1.049678531299597317e+00
2.389999999999999858e+01, -1.100000000000001421e+00, 9.803280960675808675e-01
2.394999999999999929e+01, -1.050000000000000711e+00, 9.107943868737188309e-01
2.400000000000000000e+01, -1.000000000000000000e+00, 8.414709848078965049e-01
2.405000000000000071e+01, -9.499999999999992895e-01, 7.727447295499040303e-01
2.410000000000000142e+01, -8.999999999999985789e-01, 7.049942186647331077e-01
2.414999999999999858e+01, -8.500000000000014211e-01, 6.385883443692506045e-01
2.419999999999999929e+01, -8.000000000000007105e-01, 5.738848727196190769e-01
2.425000000000000000e+01, -7.500000000000000000e-01, 5.112290700175006197e-01
2.430000000000000071e+01, -6.999999999999992895e-01, 4.509523810663828569e-01
2.435000000000000142e+01, -6.499999999999985789e-01, 3.933711637284241225e-01
2.439999999999999858e+01, -6.000000000000014211e-01, 3.387854840370226883e-01
2.444999999999999929e+01, -5.500000000000007105e-01, 2.874779759118632483e-01
2.450000000000000000e+01, -5.000000000000000000e-01, 2.397127693021015027e-01
2.455000000000000071e+01, -4.499999999999992895e-01, 1.957344903500529976e-01
2.460000000000000142e+01, -3.999999999999985789e-01, 1.557673369234591210e-01
2.464999999999999858e+01, -3.500000000000014211e-01, 1.200142326094089246e-01
2.469999999999999929e+01, -3.000000000000007105e-01, 8.865606199840228574e-02
2.475000000000000000e+01, -2.500000000000000000e-01, 6.185098981363073428e-02
2.480000000000000071e+01, -1.999999999999992895e-01, 3.973386615901196295e-02
2.485000000000000142e+01, -1.499999999999985789e-01, 2.241571987103946340e-02
2.489999999999999858e+01, -1.000000000000014211e-01, 9.983341664683098235e-03
2.494999999999999929e+01, -5.000000000000071054e-02, 2.498958463533987578e-03
2.500000000000000000e+01, 0.000000000000000000e+00, 0.000000000000000000e+00
2.505000000000000071e+01, 5.000000000000071054e-02, 2.498958463533987578e-03
2.510000000000000142e+01, 1.000000000000014211e-01, 9.983341664683098235e-03
2.514999999999999858e+01, 1.499999999999985789e-01, 2.241571987103946340e-02
2.519999999999999929e+01, 1.999999999999992895e-01, 3.973386615901196295e-02
2.525000000000000000e+01, 2.500000000000000000e-01, 6.185098981363073428e-02
2.530000000000000071e+01, 3.000000000000007105e-01, 8.865606199840228574e-02
2.535000000000000142e+01, 3.500000000000014211e-01, 1.200142326094089246e-01
2.539999999999999858e+01, 3.999999999999985789e-01, 1.557673369234591210e-01
2.544999999999999929e+01, 4.499999999999992895e-01, 1.957344903500529976e-01
2.550000000000000000e+01, 5.000000000000000000e-01, 2.397127693021015027e-01
2.555000000000000071e+01, 5.500000000000007105e-01, 2.874779759118632483e-01
2.560000000000000142e+01, 6.000000000000014211e-01, 3.387854840370226883e-01
2.564999999999999858e+01, 6.499999999999985789e-01, 3.933711637284241225e-01
2.569999999999999929e+01, 6.999999999999992895e-01, 4.509523810663828569e-01
2.575000000000000000e+01, 7.500000000000000000e-01, 5.112290700175006197e-01
2.580000000000000071e+01, 8.000000000000007105e-01, 5.738848727196190769e-01
2.585000000000000142e+01, 8.500000000000014211e-01, 6.385883443692506045e-01
2.589999999999999858e+01, 8.999999999999985789e-01, 7.049942186647331077e-01
2.594999999999999929e+01, 9.499999999999992895e-01, 7.727447295499040303e-01
2.600000000000000000e+01, 1.000000000000000000e+00, 8.414709848078965049e-01
2.605000000000000071e+01, 1.050000000000000711e+00, 9.107943868737188309e-01
2.610000000000000142e+01, 1.100000000000001421e+00, 9.803280960675808675e-01
2.614999999999999858e+01, 1.149999999999998579e+00, 1.049678531299597317e+00
2.619999999999999929e+01, 1.199999999999999289e+00, 1.118446903160670525e+00
2.625000000000000000e+01, 1.250000000000000000e+00, 1.186230774194482862e+00
2.630000000000000071e+01, 1.300000000000000711e+00, 1.252625641042351745e+00
2.635000000000000142e+01, 1.350000000000001421e+00, 1.317226533065991578e+00
2.639999999999999858e+01, 1.399999999999998579e+00, 1.379629621983842425e+00
2.644999999999999929e+01, 1.449999999999999289e+00, 1.439433837004502337e+00
2.650000000000000000e+01, 1.500000000000000000e+00, 1.496242479906081613e+00
2.655000000000000071e+01, 1.550000000000000711e+00, 1.549664834493504006e+00
2.660000000000000142e+01, 1.600000000000001421e+00, 1.599317764866409641e+00
2.664999999999999858e+01, 1.649999999999998579e+00, 1.644827296948965012e+00
2.669999999999999929e+01, 1.699999999999999289e+00, 1.685830177769195970e+00
2.675000000000000000e+01, 1.750000000000000000e+00, 1.721975407029389560e+00
2.680000000000000071e+01, 1.800000000000000711e+00, 1.752925735580751709e+00
2.685000000000000142e+01, 1.850000000000001421e+00, 1.778359125504305638e+00
2.689999999999999858e+01, 1.899999999999998579e+00, 1.797970166606086995e+00
2.694999999999999929e+01, 1.949999999999999289e+00, 1.811471444257545027e+00
2.700000000000000000e+01, 2.000000000000000000e+00, 1.818594853651363419e+00
2.705000000000000071e+01, 2.050000000000000711e+00, 1.819092855698419609e+00
2.710000000000000142e+01, 2.100000000000001421e+00, 1.812739669962634581e+00
2.714999999999999858e+01, 2.149999999999998579e+00, 1.799332400216770766e+00
2.719999999999999929e+01, 2.199999999999999289e+00, 1.778692088403098781e+00
2.725000000000000000e+01, 2.250000000000000000e+00, 1.750664692997822902e+00
2.730000000000000071e+01, 2.300000000000000711e+00, 1.715121988006456100e+00
2.735000000000000142e+01, 2.350000000000001421e+00, 1.671962379058483217e+00
2.739999999999999858e+01, 2.399999999999998579e+00, 1.621111633322763756e+00
2.744999999999999929e+01, 2.449999999999999289e+00, 1.562523520229535112e+00
2.750000000000000000e+01, 2.500000000000000000e+00, 1.496180360259891096e+00
2.755000000000000071e+01, 2.550000000000000711e+00, 1.422093479348111922e+00
2.760000000000000142e+01, 2.600000000000001421e+00, 1.340303566735804752e+00
2.764999999999999858e+01, 2.649999999999998579e+00, 1.250880934418191481e+00
2.769999999999999929e+01, 2.699999999999999289e+00, 1.153925676631342156e+00
2.775000000000000000e+01, 2.750000000000000000e+00, 1.049567728143912193e+00
2.780000000000000071e+01, 2.800000000000000711e+00, 9.379668204365320117e-01
2.785000000000000142e+01, 2.850000000000001421e+00, 8.193123351762482409e-01
2.789999999999999858e+01, 2.899999999999998579e+00, 6.938230547205523902e-01
2.794999999999999929e+01, 2.949999999999999289e+00, 5.617468097150322137e-01
2.800000000000000000e+01, 3.000000000000000000e+00, 4.233600241796016128e-01
2.805000000000000071e+01, 3.050000000000000711e+00, 2.789671588089308596e-01
2.810000000000000142e+01, 3.100000000000001421e+00, 1.289000535431964467e-01
2.814999999999999858e+01, 3.149999999999998579e+00, -2.648282920651393382e-02
2.819999999999999929e+01, 3.199999999999999289e+00, -1.867972589682533879e-01
2.825000000000000000e+01, 3.250000000000000000e+00, -3.516341872228522236e-01
2.830000000000000071e+01, 3.300000000000000711e+00, -5.205607906727220957e-01
2.835000000000000142e+01, 3.350000000000001421e+00, -6.931216051058939343e-01
2.839999999999999858e+01, 3.399999999999998579e+00, -8.688397468912214539e-01
2.844999999999999929e+01, 3.449999999999999289e+00, -1.047218218844078175e+00
2.850000000000000000e+01, 3.500000000000000000e+00, -1.227741296913669400e+00
2.855000000000000071e+01, 3.550000000000000711e+00, -1.409875993865160604e+00
2.860000000000000142e+01, 3.600000000000001421e+00, -1.593073595861473901e+00
2.864999999999999858e+01, 3.649999999999998579e+00, -1.776771267593298065e+00
2.869999999999999929e+01, 3.699999999999999289e+00, -1.960393721361422426e+00
2.875000000000000000e+01, 3.750000000000000000e+00, -2.143354945283789448e+00
2.880000000000000071e+01, 3.800000000000000711e+00, -2.325059985582335287e+00
2.885000000000000142e+01, 3.850000000000001421e+00, -2.504906777700899312e+00
2.889999999999999858e+01, 3.899999999999998579e+00, -2.682288020817492846e+00
2.894999999999999929e+01, 3.949999999999999289e+00, -2.856593090141719582e+00
2.900000000000000000e+01, 4.000000000000000000e+00, -3.027209981231712810e+00
2.905000000000000071e+01, 4.050000000000000711e+00, -3.193527280426092574e+00
2.910000000000000142e+01, 4.100000000000001421e+00, -3.354936155364087735e+00
2.914999999999999858e+01, 4.149999999999998579e+00, -3.510832359463097685e+00
2.919999999999999929e+01, 4.199999999999999289e+00, -3.660618244137067823e+00
2.925000000000000000e+01, 4.250000000000000000e+00, -3.803704772471479867e+00
2.930000000000000071e+01, 4.300000000000000711e+00, -3.939513528022658306e+00
2.935000000000000142e+01, 4.350000000000001421e+00, -4.067478712379257288e+00
2.939999999999999858e+01, 4.399999999999998579e+00, -4.187049125113866843e+00
2.944999999999999929e+01, 4.449999999999999289e+00, -4.297690119761841565e+00
2.950000000000000000e+01, 4.500000000000000000e+00, -4.398885529492936541e+00
2.955000000000000071e+01, 4.550000000000000711e+00, -4.490139556189727266e+00
2.960000000000000142e+01, 4.600000000000001421e+00, -4.570978616713938791e+00
2.964999999999999858e+01, 4.649999999999998579e+00, -4.640953140228787355e+00
2.969999999999999929e+01, 4.699999999999999289e+00, -4.699639310551273041e+00
2.975000000000000000e+01, 4.750000000000000000e+00, -4.746640747633045443e+00
2.980000000000000071e+01, 4.800000000000000711e+00, -4.781590122412035626e+00
2.985000000000000142e+01, 4.850000000000001421e+00, -4.804150699438559435e+00
2.989999999999999858e+01, 4.899999999999998579e+00, -4.814017801859229451e+00
2.994999999999999929e+01, 4.949999999999999289e+00, -4.810920193539013567e+00
3.000000000000000000e+01, 5.000000000000000000e+00, -4.794621373315692381e+00
3.005000000000000071e+01, 5.050000000000000711e+00, -4.764920776611327291e+00
3.010000000000000142e+01, 5.100000000000001421e+00, -4.721654879871433508e+00
3.014999999999999858e+01, 5.149999999999998579e+00, -4.664698203563830248e+00
3.019999999999999929e+01, 5.199999999999999289e+00, -4.593964209744798133e+00
3.025000000000000000e+01, 5.250000000000000000e+00, -4.509406090489608943e+00
3.030000000000000071e+01, 5.300000000000000711e+00, -4.411017443786675152e+00
3.035000000000000142e+01, 5.350000000000001421e+00, -4.298832833809028919e+00
3.039999999999999858e+01, 5.399999999999998579e+00, -4.172928232802335380e+00
3.044999999999999929e+01, 5.449999999999999289e+00, -4.033421342164476897e+00
3.050000000000000000e+01, 5.500000000000000000e+00, -3.880471790637155749e+00
3.055000000000000071e+01, 5.550000000000000711e+00, -3.714281207883250779e+00
3.060000000000000142e+01, 5.600000000000001421e+00, -3.535093172084994073e+00
3.064999999999999858e+01, 5.649999999999998579e+00, -3.343193030565210222e+00
3.069999999999999929e+01, 5.699999999999999289e+00, -3.138907592806538194e+00
3.075000000000000000e+01, 5.750000000000000000e+00, -2.922604695620734994e+00
3.080000000000000071e+01, 5.800000000000000711e+00, -2.694692640599788636e+00
3.085000000000000142e+01, 5.850000000000001421e+00, -2.455619504363170336e+00
3.089999999999999858e+01, 5.899999999999998579e+00, -2.205872322498401594e+00
3.094999999999999929e+01, 5.949999999999999289e+00, -1.945976148474961587e+00
3.100000000000000000e+01, 6.000000000000000000e+00, -1.676492989193555161e+00
3.105000000000000071e+01, 6.050000000000000711e+00, -1.398020619211318039e+00
3.110000000000000142e+01, 6.100000000000001421e+00, -1.111191276059774635e+00
3.114999999999999858e+01, 6.149999999999998579e+00, -8.166702394429885548e-01
3.119999999999999929e+01, 6.199999999999999289e+00, -5.151542974684830689e-01
3.125000000000000000e+01, 6.250000000000000000e+00, -2.073701034222301121e-01
3.130000000000000071e+01, 6.300000000000000711e+00, 1.059275730514088049e-01
3.135000000000000142e+01, 6.350000000000001421e+00, 4.239576961618885531e-01
3.139999999999999858e+01, 6.399999999999998579e+00, 7.459149110431478880e-01
3.144999999999999929e+01, 6.449999999999999289e+00, 1.070971582828968316e+00
3.150000000000000000e+01, 6.500000000000000000e+00, 1.398279922570800915e+00
3.155000000000000071e+01, 6.550000000000000711e+00, 1.726974194541704088e+00
3.160000000000000142e+01, 6.600000000000001421e+00, 2.056172999188305095e+00
3.164999999999999858e+01, 6.649999999999998579e+00, 2.384981625727111254e+00
3.169999999999999929e+01, 6.699999999999999289e+00, 2.712494468131203096e+00
3.175000000000000000e+01, 6.750000000000000000e+00, 3.037797498019168874e+00
3.180000000000000071e+01, 6.800000000000000711e+00, 3.359970787742541098e+00
3.185000000000000142e+01, 6.850000000000001421e+00, 3.678091076768886580e+00
3.189999999999999858e+01, 6.899999999999998579e+00, 3.991234374278570751e+00
3.194999999999999929e+01, 6.949999999999999289e+00, 4.298478590733011195e+00
3.200000000000000000e+01, 7.000000000000000000e+00, 4.598906191031523427e+00
3.204999999999999716e+01, 7.049999999999997158e+00, 4.891606861754818958e+00
3.210000000000000142e+01, 7.100000000000001421e+00, 5.175680184893727720e+00
3.214999999999999858e+01, 7.149999999999998579e+00, 5.450238310384080798e+00
3.220000000000000284e+01, 7.200000000000002842e+00, 5.714408619713916337e+00
3.225000000000000000e+01, 7.250000000000000000e+00, 5.967336372833414337e+00
3.229999999999999716e+01, 7.299999999999997158e+00, 6.208187330588507358e+00
3.235000000000000142e+01, 7.350000000000001421e+00, 6.436150344907691334e+00
3.239999999999999858e+01, 7.399999999999998579e+00, 6.650439909006031769e+00
3.245000000000000284e+01, 7.450000000000002842e+00, 6.850298659925841527e+00
3.250000000000000000e+01, 7.500000000000000000e+00, 7.034999825810541729e+00
3.254999999999999716e+01, 7.549999999999997158e+00, 7.203849610410327564e+00
3.260000000000000142e+01, 7.600000000000001421e+00, 7.356189507439300890e+00
3.264999999999999858e+01, 7.649999999999998579e+00, 7.491398537549425640e+00
3.270000000000000284e+01, 7.700000000000002842e+00, 7.608895400852909496e+00
3.275000000000000000e+01, 7.750000000000000000e+00, 7.708140538111615037e+00
3.279999999999999716e+01, 7.799999999999997158e+00, 7.788638093921914418e+00
3.285000000000000142e+01, 7.850000000000001421e+00, 7.849937775451463651e+00
3.289999999999999858e+01, 7.899999999999998579e+00, 7.891636600534198465e+00
3.295000000000000284e+01, 7.950000000000002842e+00, 7.913380529198079216e+00
3.300000000000000000e+01, 8.000000000000000000e+00, 7.914865972987054299e+00
3.304999999999999716e+01, 8.049999999999997158e+00, 7.895841176744218259e+00
3.310000000000000142e+01, 8.100000000000001421e+00, 7.856107467845196979e+00
3.314999999999999858e+01, 8.149999999999998579e+00, 7.795520368209801987e+00
3.320000000000000284e+01, 8.200000000000002842e+00, 7.713990564774132253e+00
3.325000000000000000e+01, 8.250000000000000000e+00, 7.611484734474556646e+00
3.329999999999999716e+01, 8.299999999999997158e+00, 7.488026220177244952e+00
3.335000000000000142e+01, 8.350000000000001421e+00, 7.343695554382716040e+00
3.339999999999999858e+01, 8.399999999999998579e+00, 7.178630827941562487e+00
3.345000000000000284e+01, 8.450000000000002842e+00, 6.993027901434750504e+00
3.350000000000000000e+01, 8.500000000000000000e+00, 6.787140457299667418e+00
3.354999999999999716e+01, 8.549999999999997158e+00, 6.561279891217033367e+00
3.360000000000000142e+01, 8.600000000000001421e+00, 6.315815041717366185e+00
3.364999999999999858e+01, 8.649999999999998579e+00, 6.051171757413088770e+00
3.370000000000000284e+01, 8.700000000000002842e+00, 5.767832301714973298e+00
3.375000000000000000e+01, 8.750000000000000000e+00, 5.466334595349183978e+00
3.379999999999999716e+01, 8.799999999999997158e+00, 5.147271297447526983e+00
3.385000000000000142e+01, 8.850000000000001421e+00, 4.811288726444869823e+00
3.389999999999999858e+01, 8.899999999999998579e+00, 4.459085622475186028e+00
3.395000000000000284e+01, 8.950000000000002842e+00, 4.091411753414617714e+00
3.400000000000000000e+01, 9.000000000000000000e+00, 3.709066367175809287e+00
3.404999999999999716e+01, 9.049999999999997158e+00, 3.312896493304848811e+00
3.410000000000000142e+01, 9.100000000000001421e+00, 2.903795097379089807e+00
3.414999999999999858e+01, 9.149999999999998579e+00, 2.482699092139755148e+00
3.420000000000000284e+01, 9.200000000000002842e+00, 2.050587209722246840e+00
3.425000000000000000e+01, 9.250000000000000000e+00, 1.608477739769010428e+00
3.429999999999999716e+01, 9.299999999999997158e+00, 1.157426138615706090e+00
3.435000000000000142e+01, 9.350000000000001421e+00, 6.985225151421337042e-01
3.439999999999999858e+01, 9.399999999999998579e+00, 2.328889992615796600e-01
3.445000000000000284e+01, 9.450000000000002842e+00, -2.383230006076085539e-01
3.450000000000000000e+01, 9.500000000000000000e+00, -7.139356443871884839e-01
3.454999999999999716e+01, 9.549999999999997158e+00, -1.192747604464950539e+00
3.460000000000000142e+01, 9.600000000000001421e+00, -1.673537099740621592e+00
3.464999999999999858e+01, 9.649999999999998579e+00, -2.155065011930497487e+00
3.470000000000000284e+01, 9.700000000000002842e+00, -2.636078076186175512e+00
3.475000000000000000e+01, 9.750000000000000000e+00, -3.115312137817167759e+00
3.479999999999999716e+01, 9.799999999999997158e+00, -3.591495466668864989e+00
3.485000000000000142e+01, 9.850000000000001421e+00, -4.063352120483379792e+00
3.489999999999999858e+01, 9.899999999999998579e+00, -4.529605348375665308e+00
3.495000000000000284e+01, 9.950000000000002842e+00, -4.988981025383045775e+00
3.500000000000000000e+01, 1.000000000000000000e+01, -5.440211108893699077e+00
3.504999999999999716e+01, 1.004999999999999716e+01, -5.882037107637485995e+00
3.510000000000000142e+01, 1.010000000000000142e+01, -6.313213553818124879e+00
3.514999999999999858e+01, 1.014999999999999858e+01, -6.732511468892615092e+00
3.520000000000000284e+01, 1.020000000000000284e+01, -7.138721813454159459e+00
3.525000000000000000e+01, 1.025000000000000000e+01, -7.530658911649153353e+00
3.529999999999999716e+01, 1.029999999999999716e+01, -7.907163840564873425e+00
3.535000000000000142e+01, 1.035000000000000142e+01, -8.267107775050366314e+00
3.539999999999999858e+01, 1.039999999999999858e+01, -8.609395278490787007e+00
3.545000000000000284e+01, 1.045000000000000284e+01, -8.932967530137426948e+00
3.550000000000000000e+01, 1.050000000000000000e+01, -9.236805479702535848e+00
3.554999999999999716e+01, 1.054999999999999716e+01, -9.519932920065571125e+00
3.560000000000000142e+01, 1.060000000000000142e+01, -9.781419469095759212e+00
3.564999999999999858e+01, 1.064999999999999858e+01, -1.002038345178426049e+01
3.570000000000000284e+01, 1.070000000000000284e+01, -1.023599467409102282e+01
3.575000000000000000e+01, 1.075000000000000000e+01, -1.042747708014729469e+01
3.579999999999999716e+01, 1.079999999999999716e+01, -1.059411128471809960e+01
3.585000000000000142e+01, 1.085000000000000142e+01, -1.073523697311253855e+01
3.589999999999999858e+01, 1.089999999999999858e+01, -1.085025516103950949e+01
3.595000000000000284e+01, 1.095000000000000284e+01, -1.093863030723729857e+01
3.600000000000000000e+01, 1.100000000000000000e+01, -1.099989227205773901e+01
3.604999999999999716e+01, 1.104999999999999716e+01, -1.103363811556030072e+01
3.610000000000000142e+01, 1.110000000000000142e+01, -1.103953372906427965e+01
3.614999999999999858e+01, 1.114999999999999858e+01, -1.101731529452054126e+01
3.620000000000000284e+01, 1.120000000000000284e+01, -1.096679056649474937e+01
3.625000000000000000e+01, 1.125000000000000000e+01, -1.088783997200169118e+01
3.629999999999999716e+01, 1.129999999999999716e+01, -1.078041752389361463e+01
3.635000000000000142e+01, 1.135000000000000142e+01, -1.064455154398372727e+01
3.639999999999999858e+01, 1.139999999999999858e+01, -1.048034519257730857e+01
3.645000000000000284e+01, 1.145000000000000284e+01, -1.028797680158612238e+01
3.650000000000000000e+01, 1.150000000000000000e+01, -1.006770000891692796e+01
3.654999999999999716e+01, 1.154999999999999716e+01, -9.819843692347548725e+00
3.660000000000000142e+01, 1.160000000000000142e+01, -9.544811701637012646e+00
3.664999999999999858e+01, 1.164999999999999858e+01, -9.243082388154169493e+00
3.670000000000000284e+01, 1.170000000000000284e+01, -8.915207931852664913e+00
3.675000000000000000e+01, 1.175000000000000000e+01, -8.561813465969247972e+00
3.679999999999999716e+01, 1.179999999999999716e+01, -8.183596000370071621e+00
3.685000000000000142e+01, 1.185000000000000142e+01, -7.781323145022764898e+00
3.689999999999999858e+01, 1.189999999999999858e+01, -7.355831635620711850e+00
3.695000000000000284e+01, 1.195000000000000284e+01, -6.908025663933655913e+00
3.700000000000000000e+01, 1.200000000000000000e+01, -6.438875016005219720e+00
3.704999999999999716e+01, 1.204999999999999716e+01, -5.949413021853734662e+00
3.710000000000000142e+01, 1.210000000000000142e+01, -5.440734320868659601e+00
3.714999999999999858e+01, 1.214999999999999858e+01, -4.913992447617070880e+00
3.720000000000000284e+01, 1.220000000000000284e+01, -4.370397243289271039e+00
3.725000000000000000e+01, 1.225000000000000000e+01, -3.811212098518809377e+00
3.729999999999999716e+01, 1.229999999999999716e+01, -3.237751033799393330e+00
3.735000000000000142e+01, 1.235000000000000142e+01, -2.651375624202508163e+00
3.739999999999999858e+01, 1.239999999999999858e+01, -2.053491775559058041e+00
3.745000000000000284e+01, 1.245000000000000284e+01, -1.445546359713564044e+00
3.750000000000000000e+01, 1.250000000000000000e+01, -8.290237168900085329e-01
3.754999999999999716e+01, 1.254999999999999716e+01, -2.054420336121286772e-01
3.760000000000000142e+01, 1.260000000000000142e+01, 4.236503949863447138e-01
3.764999999999999858e+01, 1.264999999999999858e+01, 1.056679009262496027e+00
3.770000000000000284e+01, 1.270000000000000284e+01, 1.692046926033310861e+00
3.775000000000000000e+01, 1.275000000000000000e+01, 2.328138966546958510e+00
3.779999999999999716e+01, 1.279999999999999716e+01, 2.963325761299653305e+00
3.785000000000000142e+01, 1.285000000000000142e+01, 3.595967921266714828e+00
3.789999999999999858e+01, 1.289999999999999858e+01, 4.224420264876218134e+00
3.795000000000000284e+01, 1.295000000000000284e+01, 4.847036089837593487e+00
3.800000000000000000e+01, 1.300000000000000000e+01, 5.462171478746332021e+00
3.804999999999999716e+01, 1.304999999999999716e+01, 6.068189627231544314e+00
3.810000000000000142e+01, 1.310000000000000142e+01, 6.663465183278116655e+00
3.814999999999999858e+01, 1.314999999999999858e+01, 7.246388586258048825e+00
3.820000000000000284e+01, 1.320000000000000284e+01, 7.815370394135383592e+00
3.825000000000000000e+01, 1.325000000000000000e+01, 8.368845587266662278e+00
3.829999999999999716e+01, 1.329999999999999716e+01, 8.905277837214773839e+00
3.835000000000000142e+01, 1.335000000000000142e+01, 9.423163729011788448e+00
3.839999999999999858e+01, 1.339999999999999858e+01, 9.921036925362793468e+00
3.845000000000000284e+01, 1.345000000000000284e+01, 1.039747226136716307e+01
3.850000000000000000e+01, 1.350000000000000000e+01, 1.085108975844688217e+01
3.854999999999999716e+01, 1.354999999999999716e+01, 1.128055854632220978e+01
3.860000000000000142e+01, 1.360000000000000142e+01, 1.168460068204835700e+01
3.864999999999999858e+01, 1.364999999999999858e+01, 1.206199485533725735e+01
3.870000000000000284e+01, 1.370000000000000284e+01, 1.241157996962594900e+01
3.875000000000000000e+01, 1.375000000000000000e+01, 1.273225858861862392e+01
3.879999999999999716e+01, 1.379999999999999716e+01, 1.302300023832862763e+01
3.885000000000000142e+01, 1.385000000000000142e+01, 1.328284455496849148e+01
3.889999999999999858e+01, 1.389999999999999858e+01, 1.351090426939015998e+01
3.895000000000000284e+01, 1.395000000000000284e+01, 1.370636801915639502e+01
3.900000000000000000e+01, 1.400000000000000000e+01, 1.386850297972818424e+01
3.904999999999999716e+01, 1.404999999999999716e+01, 1.399665730668482766e+01
3.910000000000000142e+01, 1.410000000000000142e+01, 1.409026238134564224e+01
3.914999999999999858e+01, 1.414999999999999858e+01, 1.414883485264020102e+01
3.920000000000000284e+01, 1.420000000000000284e+01, 1.417197846857233579e+01
3.925000000000000000e+01, 1.425000000000000000e+01, 1.415938569114186762e+01
3.929999999999999716e+01, 1.429999999999999716e+01, 1.411083908912697638e+01
3.935000000000000142e+01, 1.435000000000000142e+01, 1.402621250368589223e+01
3.939999999999999858e+01, 1.439999999999999858e+01, 1.390547198230960113e+01
3.945000000000000284e+01, 1.445000000000000284e+01, 1.374867647724476427e+01
3.950000000000000000e+01, 1.450000000000000000e+01, 1.355597830510790303e+01
3.954999999999999716e+01, 1.454999999999999716e+01, 1.332762336502449507e+01
3.960000000000000142e+01, 1.460000000000000142e+01, 1.306395111325135083e+01
3.964999999999999858e+01, 1.464999999999999858e+01, 1.276539429287286609e+01
3.970000000000000284e+01, 1.470000000000000284e+01, 1.243247841780110896e+01
3.975000000000000000e+01, 1.475000000000000000e+01, 1.206582101095673920e+01
3.979999999999999716e+01, 1.479999999999999716e+01, 1.166613059715471046e+01
3.985000000000000142e+01, 1.485000000000000142e+01, 1.123420545187243036e+01
3.989999999999999858e+01, 1.489999999999999858e+01, 1.077093210772845921e+01
3.995000000000000284e+01, 1.495000000000000284e+01, 1.027728362114995875e+01
4.000000000000000000e+01, 1.500000000000000000e+01, 9.754317602356753270e+00
4.004999999999999716e+01, 1.504999999999999716e+01, 9.203174012429098383e+00
4.010000000000000142e+01, 1.510000000000000142e+01, 8.625072731865806475e+00
4.014999999999999858e+01, 1.514999999999999858e+01, 8.021310905665057334e+00
4.020000000000000284e+01, 1.520000000000000284e+01, 7.393260070577709619e+00
4.025000000000000000e+01, 1.525000000000000000e+01, 6.742363070792226409e+00
4.029999999999999716e+01, 1.529999999999999716e+01, 6.070130768898413187e+00
4.035000000000000142e+01, 1.535000000000000142e+01, 5.378138559559941356e+00
4.039999999999999858e+01, 1.539999999999999858e+01, 4.668022693883840724e+00
4.045000000000000284e+01, 1.545000000000000284e+01, 3.941476423018141606e+00
4.050000000000000000e+01, 1.550000000000000000e+01, 3.200245970035847431e+00
4.054999999999999716e+01, 1.554999999999999716e+01, 2.446126339660176008e+00
4.060000000000000142e+01, 1.560000000000000142e+01, 1.680956975871299885e+00
4.064999999999999858e+01, 1.564999999999999858e+01, 9.066172778869063809e-01
4.070000000000000284e+01, 1.570000000000000284e+01, 1.250219854391605434e-01
4.075000000000000000e+01, 1.575000000000000000e+01, -6.618835553217424783e-01
4.079999999999999716e+01, 1.579999999999999716e+01, -1.452128233597313800e+00
4.085000000000000142e+01, 1.585000000000000142e+01, -2.243720111330582689e+00
4.089999999999999858e+01, 1.589999999999999858e+01, -3.034651443849583519e+00
4.095000000000000284e+01, 1.595000000000000284e+01, -3.822903771112089455e+00
4.100000000000000000e+01, 1.600000000000000000e+01, -4.606453066641044813e+00
4.104999999999999716e+01, 1.604999999999999716e+01, -5.383274931024854659e+00
4.110000000000000142e+01, 1.610000000000000142e+01, -6.151349816662547099e+00
4.114999999999999858e+01, 1.614999999999999858e+01, -6.908668270283874868e+00
4.120000000000000284e+01, 1.620000000000000284e+01, -7.653236179655203308e+00
4.125000000000000000e+01, 1.625000000000000000e+01, -8.383080010794275339e+00
4.129999999999999716e+01, 1.629999999999999716e+01, -9.096252021974454038e+00
4.135000000000000142e+01, 1.635000000000000142e+01, -9.790835440780625731e+00
4.139999999999999858e+01, 1.639999999999999858e+01, -1.046494959050633611e+01
4.145000000000000284e+01, 1.645000000000000284e+01, -1.111675495224122123e+01
4.150000000000000000e+01, 1.650000000000000000e+01, -1.174445814909053176e+01
4.154999999999999716e+01, 1.654999999999999716e+01, -1.234631683910589750e+01
4.160000000000000142e+01, 1.660000000000000142e+01, -1.292064450366935624e+01
4.164999999999999858e+01, 1.664999999999999858e+01, -1.346581511827978339e+01
4.170000000000000284e+01, 1.670000000000000284e+01, -1.398026769292980731e+01
4.175000000000000000e+01, 1.675000000000000000e+01, -1.446251066953241882e+01
4.179999999999999716e+01, 1.679999999999999716e+01, -1.491112616416924652e+01
4.185000000000000142e+01, 1.685000000000000142e+01, -1.532477404227006090e+01
4.189999999999999858e+01, 1.689999999999999858e+01, -1.570219581521082475e+01
4.195000000000000284e+01, 1.695000000000000284e+01, -1.604221834722416418e+01
4.200000000000000000e+01, 1.700000000000000000e+01, -1.634375736195246631e+01
4.204999999999999716e+01, 1.704999999999999716e+01, -1.660582073844513928e+01
4.210000000000000142e+01, 1.710000000000000142e+01, -1.682751158689610449e+01
4.214999999999999858e+01, 1.714999999999999858e+01, -1.700803109494476928e+01
4.220000000000000284e+01, 1.720000000000000284e+01, -1.714668113591546117e+01
4.225000000000000000e+01, 1.725000000000000000e+01, -1.724286663094649796e+01
4.229999999999999716e+01, 1.729999999999999716e+01, -1.729609765756309159e+01
4.235000000000000142e+01, 1.735000000000000142e+01, -1.730599129787043111e+01
4.239999999999999858e+01, 1.739999999999999858e+01, -1.727227322018901745e+01
4.245000000000000284e+01, 1.745000000000000284e+01, -1.719477898861781995e+01
4.250000000000000000e+01, 1.750000000000000000e+01, -1.707345509569275777e+01
4.254999999999999716e+01, 1.754999999999999716e+01, -1.690835971400538540e+01
4.260000000000000142e+01, 1.760000000000000142e+01, -1.669966316335898426e+01
4.264999999999999858e+01, 1.764999999999999858e+01, -1.644764809076334089e+01
4.270000000000000284e+01, 1.770000000000000284e+01, -1.615270936130394119e+01
4.275000000000000000e+01, 1.775000000000000000e+01, -1.581535365866614740e+01
4.279999999999999716e+01, 1.779999999999999716e+01, -1.543619879484337609e+01
4.285000000000000142e+01, 1.785000000000000142e+01, -1.501597272931551430e+01
4.289999999999999858e+01, 1.789999999999999858e+01, -1.455551229874064134e+01
4.295000000000000284e+01, 1.795000000000000284e+01, -1.405576165896173357e+01
4.300000000000000000e+01, 1.800000000000000000e+01, -1.351777044189016941e+01
4.304999999999999716e+01, 1.804999999999999716e+01, -1.294269163057928118e+01
4.310000000000000142e+01, 1.810000000000000142e+01, -1.233177915655455159e+01
4.314999999999999858e+01, 1.814999999999999858e+01, -1.168638522420758896e+01
4.320000000000000284e+01, 1.820000000000000284e+01, -1.100795736779432232e+01
4.325000000000000000e+01, 1.825000000000000000e+01, -1.029803524730385789e+01
4.329999999999999716e+01, 1.829999999999999716e+01, -9.558247190169240071e+00
4.335000000000000142e+01, 1.835000000000000142e+01, -8.790306486491438420e+00
4.339999999999999858e+01, 1.839999999999999858e+01, -7.996007446122898266e+00
4.345000000000000284e+01, 1.845000000000000284e+01, -7.177221226616355310e+00
4.350000000000000000e+01, 1.850000000000000000e+01, -6.335891441687831360e+00
4.354999999999999716e+01, 1.854999999999999716e+01, -5.474029560453701926e+00
4.360000000000000142e+01, 1.860000000000000142e+01, -4.593710108301149120e+00
4.364999999999999858e+01, 1.864999999999999858e+01, -3.697065680815151190e+00
4.370000000000000284e+01, 1.870000000000000284e+01, -2.786281782725452238e+00
4.375000000000000000e+01, 1.875000000000000000e+01, -1.863591504353403261e+00
4.379999999999999716e+01, 1.879999999999999716e+01, -9.312700485133740269e-01
4.385000000000000142e+01, 1.885000000000000142e+01, 8.370878719280706176e-03
4.389999999999999858e+01, 1.889999999999999858e+01, 9.529887995487320573e-01
4.395000000000000284e+01, 1.895000000000000284e+01, 1.900216304099440645e+00
4.400000000000000000e+01, 1.900000000000000000e+01, 2.847666983596094603e+00
4.404999999999999716e+01, 1.904999999999999716e+01, 3.792941442217159231e+00
4.410000000000000142e+01, 1.910000000000000142e+01, 4.733633372474533196e+00
4.414999999999999858e+01, 1.914999999999999858e+01, 5.667335678740048621e+00
4.420000000000000284e+01, 1.920000000000000284e+01, 6.591646633342056028e+00
4.425000000000000000e+01, 1.925000000000000000e+01, 7.504176049492787826e+00
4.429999999999999716e+01, 1.929999999999999716e+01, 8.402551455196777042e+00
4.435000000000000142e+01, 1.935000000000000142e+01, 9.284424252206402883e+00
4.439999999999999858e+01, 1.939999999999999858e+01, 1.014747584405930958e+01
4.445000000000000284e+01, 1.945000000000000284e+01, 1.098942371723770428e+01
4.450000000000000000e+01, 1.950000000000000000e+01, 1.180802745953221766e+01
4.454999999999999716e+01, 1.954999999999999716e+01, 1.260109469978817565e+01
4.460000000000000142e+01, 1.960000000000000142e+01, 1.336648695333545689e+01
4.464999999999999858e+01, 1.964999999999999858e+01, 1.410212535757877994e+01
4.470000000000000284e+01, 1.970000000000000284e+01, 1.480599628243737165e+01
4.475000000000000000e+01, 1.975000000000000000e+01, 1.547615680057251808e+01
4.479999999999999716e+01, 1.979999999999999716e+01, 1.611074000264064310e+01
4.485000000000000142e+01, 1.985000000000000142e+01, 1.670796014313679123e+01
4.489999999999999858e+01, 1.989999999999999858e+01, 1.726611760276918162e+01
4.495000000000000284e+01, 1.995000000000000284e+01, 1.778360365371502283e+01
4.500000000000000000e+01, 2.000000000000000000e+01, 1.825890501455255333e+01
4.504999999999999716e+01, 2.004999999999999716e+01, 1.869060818215198694e+01
4.510000000000000142e+01, 2.010000000000000142e+01, 1.907740352832268371e+01
4.514999999999999858e+01, 2.014999999999999858e+01, 1.941808914956909859e+01
4.520000000000000284e+01, 2.020000000000000284e+01, 1.971157445889292603e+01
4.525000000000000000e+01, 2.025000000000000000e+01, 1.995688350919367338e+01
4.529999999999999716e+01, 2.029999999999999716e+01, 2.015315803846890219e+01
4.535000000000000142e+01, 2.035000000000000142e+01, 2.029966022768728706e+01
4.539999999999999858e+01, 2.039999999999999858e+01, 2.039577516291045001e+01
4.545000000000000284e+01, 2.045000000000000284e+01, 2.044101299396508509e+01
4.550000000000000000e+01, 2.050000000000000000e+01, 2.043501078271538418e+01
4.554999999999999716e+01, 2.054999999999999716e+01, 2.037753403475710812e+01
4.560000000000000142e+01, 2.060000000000000142e+01, 2.026847790914349190e+01
4.564999999999999858e+01, 2.064999999999999858e+01, 2.010786810156088578e+01
4.570000000000000284e+01, 2.070000000000000284e+01, 1.989586139719379432e+01
4.575000000000000000e+01, 2.075000000000000000e+01, 1.963274589035556872e+01
4.579999999999999716e+01, 2.079999999999999716e+01, 1.931894086880662442e+01
4.585000000000000142e+01, 2.085000000000000142e+01, 1.895499636153926204e+01
4.589999999999999858e+01, 2.089999999999999858e+01, 1.854159234967013603e+01
4.595000000000000284e+01, 2.095000000000000284e+01, 1.807953764094812144e+01
4.600000000000000000e+01, 2.100000000000000000e+01, 1.756976840925717553e+01
4.604999999999999716e+01, 2.104999999999999716e+01, 1.701334640136047227e+01
4.610000000000000142e+01, 2.110000000000000142e+01, 1.641145681400305989e+01
4.614999999999999858e+01, 2.114999999999999858e+01, 1.576540584535170986e+01
4.620000000000000284e+01, 2.120000000000000284e+01, 1.507661792560677760e+01
4.625000000000000000e+01, 2.125000000000000000e+01, 1.434663263247202103e+01
4.629999999999999716e+01, 2.129999999999999716e+01, 1.357710129800014620e+01
4.635000000000000142e+01, 2.135000000000000142e+01, 1.276978331416021106e+01
4.639999999999999858e+01, 2.139999999999999858e+01, 1.192654214527795276e+01
4.645000000000000284e+01, 2.145000000000000284e+01, 1.104934105628967878e+01
4.650000000000000000e+01, 2.150000000000000000e+01, 1.014023856652521793e+01
4.654999999999999716e+01, 2.154999999999999716e+01, 9.201383639477375809e+00
4.660000000000000142e+01, 2.160000000000000142e+01, 8.235010619746708116e+00
4.664999999999999858e+01, 2.164999999999999858e+01, 7.243433929044995168e+00
4.670000000000000284e+01, 2.170000000000000284e+01, 6.229042533811633753e+00
4.675000000000000000e+01, 2.175000000000000000e+01, 5.194294197643424482e+00
4.679999999999999716e+01, 2.179999999999999716e+01, 4.141709532340618338e+00
4.685000000000000142e+01, 2.185000000000000142e+01, 3.073865861956705636e+00
4.689999999999999858e+01, 2.189999999999999858e+01, 1.993390914776668410e+00
4.695000000000000284e+01, 2.195000000000000284e+01, 9.029563586540972908e-01
4.700000000000000000e+01, 2.200000000000000000e+01, -1.947288043888852904e-01
4.704999999999999716e+01, 2.204999999999999716e+01, -1.296924967974338427e+00
4.710000000000000142e+01, 2.210000000000000142e+01, -2.400868758872162889e+00
4.714999999999999858e+01, 2.214999999999999858e+01, -3.503779965131245788e+00
4.720000000000000284e+01, 2.220000000000000284e+01, -4.602868537470122590e+00
4.725000000000000000e+01, 2.225000000000000000e+01, -5.695341646292660265e+00
4.729999999999999716e+01, 2.229999999999999716e+01, -6.778410776486273548e+00
4.735000000000000142e+01, 2.235000000000000142e+01, -7.849298841980068886e+00
4.739999999999999858e+01, 2.239999999999999858e+01, -8.905247301920097058e+00
4.745000000000000284e+01, 2.245000000000000284e+01, -9.943523260239272687e+00
4.750000000000000000e+01, 2.250000000000000000e+01, -1.096142653036146442e+01
4.754999999999999716e+01, 2.254999999999999716e+01, -1.195629664680154924e+01
4.760000000000000142e+01, 2.260000000000000142e+01, -1.292551980547614399e+01
4.764999999999999858e+01, 2.264999999999999858e+01, -1.386653571465324042e+01
4.770000000000000284e+01, 2.270000000000000284e+01, -1.477684433862386726e+01
4.775000000000000000e+01, 2.275000000000000000e+01, -1.565401251637625357e+01
4.779999999999999716e+01, 2.279999999999999716e+01, -1.649568043780872628e+01
4.785000000000000142e+01, 2.285000000000000142e+01, -1.729956796030462485e+01
4.789999999999999858e+01, 2.289999999999999858e+01, -1.806348074883703703e+01
4.795000000000000284e+01, 2.295000000000000284e+01, -1.878531622315519556e+01
4.800000000000000000e+01, 2.300000000000000000e+01, -1.946306929602892311e+01
4.804999999999999716e+01, 2.304999999999999716e+01, -2.009483788700475415e+01
4.810000000000000142e+01, 2.310000000000000142e+01, -2.067882819663465099e+01
4.814999999999999858e+01, 2.314999999999999858e+01, -2.121335972669586667e+01
4.820000000000000284e+01, 2.320000000000000284e+01, -2.169687003251333479e+01
4.825000000000000000e+01, 2.325000000000000000e+01, -2.212791919412471842e+01
4.829999999999999716e+01, 2.329999999999999716e+01, -2.250519399370041640e+01
4.835000000000000142e+01, 2.335000000000000142e+01, -2.282751178732970487e+01
4.839999999999999858e+01, 2.339999999999999858e+01, -2.309382406002318078e+01
4.845000000000000284e+01, 2.345000000000000284e+01, -2.330321965354888292e+01
4.850000000000000000e+01, 2.350000000000000000e+01, -2.345492765751581388e+01
4.854999999999999716e+01, 2.354999999999999716e+01, -2.354831995494588170e+01
4.860000000000000142e+01, 2.360000000000000142e+01, -2.358291341442441436e+01
4.864999999999999858e+01, 2.364999999999999858e+01, -2.355837172179533567e+01
4.870000000000000284e+01, 2.370000000000000284e+01, -2.347450684526259934e+01
4.875000000000000000e+01, 2.375000000000000000e+01, -2.333128012867505419e+01
4.879999999999999716e+01, 2.379999999999999716e+01, -2.312880300870396155e+01
4.885000000000000142e+01, 2.385000000000000142e+01, -2.286733735256980538e+01
4.889999999999999858e+01, 2.389999999999999858e+01, -2.254729541393387393e+01
4.895000000000000284e+01, 2.395000000000000284e+01, -2.216923940553866856e+01
4.900000000000000000e+01, 2.400000000000000000e+01, -2.173388068815897256e+01
4.904999999999999716e+01, 2.404999999999999716e+01, -2.124207857640426411e+01
4.910000000000000142e+01, 2.410000000000000142e+01, -2.069483876289930180e+01
4.914999999999999858e+01, 2.414999999999999858e+01, -2.009331136335147860e+01
4.920000000000000284e+01, 2.420000000000000284e+01, -1.943878858599365600e+01
4.925000000000000000e+01, 2.425000000000000000e+01, -1.873270202986968158e+01
4.929999999999999716e+01, 2.429999999999999716e+01, -1.797661961739286340e+01
4.935000000000000142e+01, 2.435000000000000142e+01, -1.717224216756980937e+01
4.939999999999999858e+01, 2.439999999999999858e+01, -1.632139961722378985e+01
4.945000000000000284e+01, 2.445000000000000284e+01, -1.542604689848056765e+01
4.950000000000000000e+01, 2.450000000000000000e+01, -1.448825948169554678e+01
4.954999999999999716e+01, 2.454999999999999716e+01, -1.351022859388620034e+01
4.960000000000000142e+01, 2.460000000000000142e+01, -1.249425612360930415e+01
4.964999999999999858e+01, 2.464999999999999858e+01, -1.144274922406281192e+01
4.970000000000000284e+01, 2.470000000000000284e+01, -1.035821462700873496e+01
4.975000000000000000e+01, 2.475000000000000000e+01, -9.243252680906840268e+00
4.979999999999999716e+01, 2.479999999999999716e+01, -8.100551127397194406e+00
4.985000000000000142e+01, 2.485000000000000142e+01, -6.932878631001076819e+00
4.989999999999999858e+01, 2.489999999999999858e+01, -5.743078077592151942e+00
4.995000000000000284e+01, 2.495000000000000284e+01, -4.534059657839881297e+00
